<?xml version="1.0" encoding="UTF-8"?>
<!-- Generated by org.testng.reporters.JUnitReportReporter -->
<testsuite hostname="DESKTOP-JPO07VB" failures="0" tests="3" name="tests.ProductCompareTest" time="8.046" errors="0" timestamp="2025-02-16T20:25:44 IST" skipped="0">
  <testcase classname="tests.ProductCompareTest" name="enterProduct" time="1.568"/>
  <testcase classname="tests.ProductCompareTest" name="clickOnimac" time="0.999"/>
  <testcase classname="tests.ProductCompareTest" name="validateandClickCompare" time="5.479"/>
</testsuite> <!-- tests.ProductCompareTest -->
