<?xml version="1.0" encoding="UTF-8"?>
<!-- Generated by org.testng.reporters.JUnitReportReporter -->
<testsuite hostname="DESKTOP-JPO07VB" failures="0" tests="3" name="tests.ProductCompareTest" time="7.626" errors="0" timestamp="2025-02-17T17:49:54 IST" skipped="0">
  <testcase classname="tests.ProductCompareTest" name="enterProduct" time="1.105"/>
  <testcase classname="tests.ProductCompareTest" name="clickOnimac" time="1.120"/>
  <testcase classname="tests.ProductCompareTest" name="validateandClickCompare" time="5.401"/>
</testsuite> <!-- tests.ProductCompareTest -->
